mode: set
github.com/thehowl/go-osuapi/get_scores.go:49.66,52.25 2 1
github.com/thehowl/go-osuapi/get_scores.go:55.2,56.9 2 1
github.com/thehowl/go-osuapi/get_scores.go:64.2,65.22 2 1
github.com/thehowl/go-osuapi/get_scores.go:68.2,68.21 1 1
github.com/thehowl/go-osuapi/get_scores.go:73.2,74.16 2 1
github.com/thehowl/go-osuapi/get_scores.go:77.2,79.16 3 1
github.com/thehowl/go-osuapi/get_scores.go:82.2,82.20 1 1
github.com/thehowl/go-osuapi/get_scores.go:52.25,54.3 1 0
github.com/thehowl/go-osuapi/get_scores.go:57.2,59.25 2 0
github.com/thehowl/go-osuapi/get_scores.go:60.2,62.29 2 0
github.com/thehowl/go-osuapi/get_scores.go:65.22,67.3 1 0
github.com/thehowl/go-osuapi/get_scores.go:68.21,70.3 1 0
github.com/thehowl/go-osuapi/get_scores.go:74.16,76.3 1 0
github.com/thehowl/go-osuapi/get_scores.go:79.16,81.3 1 0
github.com/thehowl/go-osuapi/get_user_best.go:29.50,31.9 2 1
github.com/thehowl/go-osuapi/get_user_best.go:39.2,40.18 2 1
github.com/thehowl/go-osuapi/get_user_best.go:43.2,43.13 1 1
github.com/thehowl/go-osuapi/get_user_best.go:32.2,34.25 2 1
github.com/thehowl/go-osuapi/get_user_best.go:35.2,37.29 2 1
github.com/thehowl/go-osuapi/get_user_best.go:40.18,42.3 1 0
github.com/thehowl/go-osuapi/get_user_best.go:47.73,48.45 1 1
github.com/thehowl/go-osuapi/get_user_best.go:52.2,53.16 2 1
github.com/thehowl/go-osuapi/get_user_best.go:56.2,58.16 3 1
github.com/thehowl/go-osuapi/get_user_best.go:61.2,61.20 1 1
github.com/thehowl/go-osuapi/get_user_best.go:48.45,50.3 1 0
github.com/thehowl/go-osuapi/get_user_best.go:53.16,55.3 1 0
github.com/thehowl/go-osuapi/get_user_best.go:58.16,60.3 1 0
github.com/thehowl/go-osuapi/mysql_date.go:11.54,13.26 2 1
github.com/thehowl/go-osuapi/mysql_date.go:17.2,18.16 2 1
github.com/thehowl/go-osuapi/mysql_date.go:21.2,22.12 2 1
github.com/thehowl/go-osuapi/mysql_date.go:13.26,16.3 2 0
github.com/thehowl/go-osuapi/mysql_date.go:18.16,20.3 1 0
github.com/thehowl/go-osuapi/mysql_date.go:26.50,28.2 1 0
github.com/thehowl/go-osuapi/mysql_date.go:31.40,33.2 1 0
github.com/thehowl/go-osuapi/mysql_date.go:35.36,37.2 1 0
github.com/thehowl/go-osuapi/genre.go:36.32,37.41 1 1
github.com/thehowl/go-osuapi/genre.go:40.2,40.29 1 1
github.com/thehowl/go-osuapi/genre.go:37.41,39.3 1 1
github.com/thehowl/go-osuapi/get_beatmaps.go:66.70,69.9 2 1
github.com/thehowl/go-osuapi/get_beatmaps.go:77.2,77.22 1 1
github.com/thehowl/go-osuapi/get_beatmaps.go:80.2,80.28 1 1
github.com/thehowl/go-osuapi/get_beatmaps.go:83.2,83.25 1 1
github.com/thehowl/go-osuapi/get_beatmaps.go:86.2,86.28 1 1
github.com/thehowl/go-osuapi/get_beatmaps.go:89.2,89.27 1 1
github.com/thehowl/go-osuapi/get_beatmaps.go:92.2,92.23 1 1
github.com/thehowl/go-osuapi/get_beatmaps.go:95.2,95.21 1 1
github.com/thehowl/go-osuapi/get_beatmaps.go:100.2,101.16 2 1
github.com/thehowl/go-osuapi/get_beatmaps.go:104.2,106.16 3 1
github.com/thehowl/go-osuapi/get_beatmaps.go:109.2,109.22 1 1
github.com/thehowl/go-osuapi/get_beatmaps.go:70.2,72.25 2 0
github.com/thehowl/go-osuapi/get_beatmaps.go:73.2,75.29 2 0
github.com/thehowl/go-osuapi/get_beatmaps.go:77.22,79.3 1 0
github.com/thehowl/go-osuapi/get_beatmaps.go:80.28,82.3 1 0
github.com/thehowl/go-osuapi/get_beatmaps.go:83.25,85.3 1 0
github.com/thehowl/go-osuapi/get_beatmaps.go:86.28,88.3 1 1
github.com/thehowl/go-osuapi/get_beatmaps.go:89.27,91.3 1 0
github.com/thehowl/go-osuapi/get_beatmaps.go:92.23,94.3 1 0
github.com/thehowl/go-osuapi/get_beatmaps.go:95.21,97.3 1 0
github.com/thehowl/go-osuapi/get_beatmaps.go:101.16,103.3 1 0
github.com/thehowl/go-osuapi/get_beatmaps.go:106.16,108.3 1 0
github.com/thehowl/go-osuapi/mods.go:86.38,88.31 2 1
github.com/thehowl/go-osuapi/mods.go:91.2,91.29 1 1
github.com/thehowl/go-osuapi/mods.go:99.2,99.8 1 1
github.com/thehowl/go-osuapi/mods.go:88.31,90.3 1 1
github.com/thehowl/go-osuapi/mods.go:91.29,92.47 1 1
github.com/thehowl/go-osuapi/mods.go:92.47,93.27 1 1
github.com/thehowl/go-osuapi/mods.go:93.27,95.10 2 1
github.com/thehowl/go-osuapi/mods.go:102.35,103.39 1 1
github.com/thehowl/go-osuapi/mods.go:110.2,110.8 1 1
github.com/thehowl/go-osuapi/mods.go:103.39,105.16 2 1
github.com/thehowl/go-osuapi/mods.go:108.3,108.10 1 1
github.com/thehowl/go-osuapi/mods.go:105.16,107.4 1 1
github.com/thehowl/go-osuapi/osubool.go:11.52,12.27 1 1
github.com/thehowl/go-osuapi/osubool.go:16.2,17.12 2 1
github.com/thehowl/go-osuapi/osubool.go:12.27,15.3 2 1
github.com/thehowl/go-osuapi/osubool.go:20.48,21.7 1 0
github.com/thehowl/go-osuapi/osubool.go:24.2,24.27 1 0
github.com/thehowl/go-osuapi/osubool.go:21.7,23.3 1 0
github.com/thehowl/go-osuapi/get_user.go:55.58,58.9 2 1
github.com/thehowl/go-osuapi/get_user.go:68.2,69.25 2 1
github.com/thehowl/go-osuapi/get_user.go:74.2,75.16 2 1
github.com/thehowl/go-osuapi/get_user.go:78.2,80.16 3 1
github.com/thehowl/go-osuapi/get_user.go:83.2,83.21 1 1
github.com/thehowl/go-osuapi/get_user.go:86.2,86.23 1 1
github.com/thehowl/go-osuapi/get_user.go:59.2,61.25 2 0
github.com/thehowl/go-osuapi/get_user.go:62.2,64.29 2 1
github.com/thehowl/go-osuapi/get_user.go:65.2,66.89 1 0
github.com/thehowl/go-osuapi/get_user.go:69.25,71.3 1 1
github.com/thehowl/go-osuapi/get_user.go:75.16,77.3 1 0
github.com/thehowl/go-osuapi/get_user.go:80.16,82.3 1 0
github.com/thehowl/go-osuapi/get_user.go:83.21,85.3 1 0
github.com/thehowl/go-osuapi/get_user.go:94.43,98.2 1 0
github.com/thehowl/go-osuapi/mode.go:23.31,24.22 1 1
github.com/thehowl/go-osuapi/mode.go:27.2,27.29 1 1
github.com/thehowl/go-osuapi/mode.go:24.22,26.3 1 1
github.com/thehowl/go-osuapi/approved_status.go:29.41,30.55 1 1
github.com/thehowl/go-osuapi/approved_status.go:33.2,33.29 1 1
github.com/thehowl/go-osuapi/approved_status.go:30.55,32.3 1 1
github.com/thehowl/go-osuapi/language.go:39.35,40.44 1 1
github.com/thehowl/go-osuapi/language.go:43.2,43.29 1 1
github.com/thehowl/go-osuapi/language.go:40.44,42.3 1 1
github.com/thehowl/go-osuapi/get_replay.go:29.66,31.25 2 1
github.com/thehowl/go-osuapi/get_replay.go:34.2,36.9 3 1
github.com/thehowl/go-osuapi/get_replay.go:46.2,47.16 2 1
github.com/thehowl/go-osuapi/get_replay.go:50.2,52.16 3 1
github.com/thehowl/go-osuapi/get_replay.go:55.2,56.59 2 1
github.com/thehowl/go-osuapi/get_replay.go:31.25,33.3 1 0
github.com/thehowl/go-osuapi/get_replay.go:37.2,39.25 2 0
github.com/thehowl/go-osuapi/get_replay.go:40.2,42.29 2 1
github.com/thehowl/go-osuapi/get_replay.go:43.2,44.91 1 0
github.com/thehowl/go-osuapi/get_replay.go:47.16,49.3 1 0
github.com/thehowl/go-osuapi/get_replay.go:52.16,54.3 1 0
github.com/thehowl/go-osuapi/get_user_recent.go:9.75,10.45 1 1
github.com/thehowl/go-osuapi/get_user_recent.go:14.2,15.16 2 1
github.com/thehowl/go-osuapi/get_user_recent.go:18.2,20.16 3 1
github.com/thehowl/go-osuapi/get_user_recent.go:23.2,23.20 1 1
github.com/thehowl/go-osuapi/get_user_recent.go:10.45,12.3 1 0
github.com/thehowl/go-osuapi/get_user_recent.go:15.16,17.3 1 0
github.com/thehowl/go-osuapi/get_user_recent.go:20.16,22.3 1 0
github.com/thehowl/go-osuapi/client.go:18.36,21.2 2 1
github.com/thehowl/go-osuapi/client.go:23.81,26.16 3 1
github.com/thehowl/go-osuapi/client.go:29.2,30.16 2 1
github.com/thehowl/go-osuapi/client.go:33.2,35.18 3 1
github.com/thehowl/go-osuapi/client.go:26.16,28.3 1 0
github.com/thehowl/go-osuapi/client.go:30.16,32.3 1 0
github.com/thehowl/go-osuapi/client.go:43.30,49.16 2 1
github.com/thehowl/go-osuapi/client.go:52.2,55.107 3 1
github.com/thehowl/go-osuapi/client.go:58.2,58.20 1 1
github.com/thehowl/go-osuapi/client.go:61.2,61.12 1 1
github.com/thehowl/go-osuapi/client.go:49.16,51.3 1 0
github.com/thehowl/go-osuapi/client.go:55.107,57.3 1 0
github.com/thehowl/go-osuapi/client.go:58.20,60.3 1 0
github.com/thehowl/go-osuapi/get_match.go:63.55,68.16 3 1
github.com/thehowl/go-osuapi/get_match.go:71.2,73.16 3 1
github.com/thehowl/go-osuapi/get_match.go:76.2,76.20 1 1
github.com/thehowl/go-osuapi/get_match.go:68.16,70.3 1 0
github.com/thehowl/go-osuapi/get_match.go:73.16,75.3 1 0
